third_party/bypass/build/outputs/logs/manifest-merger-release-report.txt
-- Merging decision tree log ---
manifest
ADDED from src\main\AndroidManifest.xml:6:1-17:12
INJECTED from src\main\AndroidManifest.xml:6:1-17:12
INJECTED from src\main\AndroidManifest.xml:6:1-17:12
INJECTED from src\main\AndroidManifest.xml:6:1-17:12
INJECTED from src\main\AndroidManifest.xml:6:1-17:12
INJECTED from src\main\AndroidManifest.xml:6:1-17:12
INJECTED from src\main\AndroidManifest.xml:6:1-17:12
	package
		ADDED from src\main\AndroidManifest.xml:7:7-40
		INJECTED from src\main\AndroidManifest.xml
		INJECTED from src\main\AndroidManifest.xml
	android:versionName
		ADDED from src\main\AndroidManifest.xml:9:7-32
		INJECTED from src\main\AndroidManifest.xml
		INJECTED from src\main\AndroidManifest.xml
	xmlns:android
		ADDED from src\main\AndroidManifest.xml:6:11-69
	android:versionCode
		ADDED from src\main\AndroidManifest.xml:8:7-30
		INJECTED from src\main\AndroidManifest.xml
		INJECTED from src\main\AndroidManifest.xml
uses-sdk
ADDED from src\main\AndroidManifest.xml:11:5-13:41
INJECTED from src\main\AndroidManifest.xml:11:5-13:41
INJECTED from src\main\AndroidManifest.xml:11:5-13:41
INJECTED from src\main\AndroidManifest.xml:11:5-13:41
INJECTED from src\main\AndroidManifest.xml:11:5-13:41
	android:targetSdkVersion
		ADDED from src\main\AndroidManifest.xml:13:9-38
		INJECTED from src\main\AndroidManifest.xml
		INJECTED from src\main\AndroidManifest.xml
	android:minSdkVersion
		ADDED from src\main\AndroidManifest.xml:12:9-34
		INJECTED from src\main\AndroidManifest.xml
		INJECTED from src\main\AndroidManifest.xml
application
ADDED from src\main\AndroidManifest.xml:15:5-16:19
	android:label
		ADDED from src\main\AndroidManifest.xml:15:18-50